[ 2017-07-23T11:18:05+08:00 ] ::1 /shopdemo/Admin/Goods/showlist
INFO: [ app_init ] --START--
INFO: Run Behavior\BuildLiteBehavior [ RunTime:0.000067s ]
INFO: [ app_init ] --END-- [ RunTime:0.001383s ]
INFO: [ app_begin ] --START--
INFO: Run Behavior\ReadHtmlCacheBehavior [ RunTime:0.002453s ]
INFO: [ app_begin ] --END-- [ RunTime:0.002964s ]
SQL: SHOW COLUMNS FROM `sw_goods` [ RunTime:0.060651s ]
NOTIC: [8] Undefined variable: info F:\wamp\www\shopdemo\Shop\Admin\Controller\GoodsController.class.php 第 19 行.
INFO: [ view_parse ] --START--
INFO: Run Behavior\ParseTemplateBehavior [ RunTime:0.035793s ]
INFO: [ view_parse ] --END-- [ RunTime:0.036070s ]
INFO: [ view_filter ] --START--
INFO: Run Behavior\WriteHtmlCacheBehavior [ RunTime:0.001534s ]
INFO: [ view_filter ] --END-- [ RunTime:0.001793s ]
INFO: [ app_end ] --START--
INFO: Run Behavior\ShowPageTraceBehavior [ RunTime:0.002327s ]
INFO: [ app_end ] --END-- [ RunTime:0.002608s ]

[ 2017-07-23T17:51:33+08:00 ] ::1 /shopdemo/Admin/Goods/showlist
INFO: [ app_init ] --START--
INFO: Run Behavior\BuildLiteBehavior [ RunTime:0.000153s ]
INFO: [ app_init ] --END-- [ RunTime:0.003282s ]
INFO: [ app_begin ] --START--
INFO: Run Behavior\ReadHtmlCacheBehavior [ RunTime:0.005169s ]
INFO: [ app_begin ] --END-- [ RunTime:0.006021s ]
SQL: SHOW COLUMNS FROM `sw_goods` [ RunTime:0.011458s ]
NOTIC: [8] Undefined variable: info F:\wamp\www\shopdemo\Shop\Admin\Controller\GoodsController.class.php 第 19 行.
INFO: [ view_parse ] --START--
INFO: Run Behavior\ParseTemplateBehavior [ RunTime:0.057709s ]
INFO: [ view_parse ] --END-- [ RunTime:0.058153s ]
INFO: [ view_filter ] --START--
INFO: Run Behavior\WriteHtmlCacheBehavior [ RunTime:0.002033s ]
INFO: [ view_filter ] --END-- [ RunTime:0.002464s ]
INFO: [ app_end ] --START--
INFO: Run Behavior\ShowPageTraceBehavior [ RunTime:0.003302s ]
INFO: [ app_end ] --END-- [ RunTime:0.003738s ]

[ 2017-07-23T17:51:40+08:00 ] ::1 /shopdemo/index.php/Admin/Goods/add
INFO: [ app_init ] --START--
INFO: Run Behavior\BuildLiteBehavior [ RunTime:0.000273s ]
INFO: [ app_init ] --END-- [ RunTime:0.006176s ]
INFO: [ app_begin ] --START--
INFO: Run Behavior\ReadHtmlCacheBehavior [ RunTime:0.008757s ]
INFO: [ app_begin ] --END-- [ RunTime:0.010084s ]
SQL: SHOW COLUMNS FROM `sw_goods` [ RunTime:0.018679s ]
INFO: [ view_parse ] --START--
INFO: Run Behavior\ParseTemplateBehavior [ RunTime:0.166571s ]
INFO: [ view_parse ] --END-- [ RunTime:0.167538s ]
INFO: [ view_filter ] --START--
INFO: Run Behavior\WriteHtmlCacheBehavior [ RunTime:0.005047s ]
INFO: [ view_filter ] --END-- [ RunTime:0.006148s ]
INFO: [ app_end ] --START--
INFO: Run Behavior\ShowPageTraceBehavior [ RunTime:0.008932s ]
INFO: [ app_end ] --END-- [ RunTime:0.010064s ]

[ 2017-07-23T17:51:55+08:00 ] ::1 /shopdemo/index.php/Admin/Goods/add
INFO: [ app_init ] --START--
INFO: Run Behavior\BuildLiteBehavior [ RunTime:0.000104s ]
INFO: [ app_init ] --END-- [ RunTime:0.002265s ]
INFO: [ app_begin ] --START--
INFO: Run Behavior\ReadHtmlCacheBehavior [ RunTime:0.003753s ]
INFO: [ app_begin ] --END-- [ RunTime:0.004279s ]
SQL: SHOW COLUMNS FROM `sw_goods` [ RunTime:0.008595s ]
SQL: INSERT INTO `sw_goods` (`goods_name`,`goods_price`,`goods_number`,`goods_weight`) VALUES ('mhkl','hkl',0,24) [ RunTime:0.090684s ]
INFO: [ app_end ] --START--
INFO: Run Behavior\ShowPageTraceBehavior [ RunTime:0.009153s ]
INFO: [ app_end ] --END-- [ RunTime:0.010278s ]

[ 2017-07-23T17:52:04+08:00 ] ::1 /shopdemo/Admin/Goods/showlist
INFO: [ app_init ] --START--
INFO: Run Behavior\BuildLiteBehavior [ RunTime:0.000159s ]
INFO: [ app_init ] --END-- [ RunTime:0.003423s ]
INFO: [ app_begin ] --START--
INFO: Run Behavior\ReadHtmlCacheBehavior [ RunTime:0.005355s ]
INFO: [ app_begin ] --END-- [ RunTime:0.006116s ]
SQL: SHOW COLUMNS FROM `sw_goods` [ RunTime:0.011576s ]
NOTIC: [8] Undefined variable: info F:\wamp\www\shopdemo\Shop\Admin\Controller\GoodsController.class.php 第 19 行.
INFO: [ view_parse ] --START--
INFO: Run Behavior\ParseTemplateBehavior [ RunTime:0.057511s ]
INFO: [ view_parse ] --END-- [ RunTime:0.057993s ]
INFO: [ view_filter ] --START--
INFO: Run Behavior\WriteHtmlCacheBehavior [ RunTime:0.002014s ]
INFO: [ view_filter ] --END-- [ RunTime:0.002438s ]
INFO: [ app_end ] --START--
INFO: Run Behavior\ShowPageTraceBehavior [ RunTime:0.003341s ]
INFO: [ app_end ] --END-- [ RunTime:0.003799s ]

[ 2017-07-23T17:52:10+08:00 ] ::1 /shopdemo/Admin/Goods/showlist?s_product_mark=1
INFO: [ app_init ] --START--
INFO: Run Behavior\BuildLiteBehavior [ RunTime:0.000249s ]
INFO: [ app_init ] --END-- [ RunTime:0.005417s ]
INFO: [ app_begin ] --START--
INFO: Run Behavior\ReadHtmlCacheBehavior [ RunTime:0.009375s ]
INFO: [ app_begin ] --END-- [ RunTime:0.010733s ]
SQL: SHOW COLUMNS FROM `sw_goods` [ RunTime:0.011878s ]
NOTIC: [8] Undefined variable: info F:\wamp\www\shopdemo\Shop\Admin\Controller\GoodsController.class.php 第 19 行.
INFO: [ view_parse ] --START--
INFO: Run Behavior\ParseTemplateBehavior [ RunTime:0.049229s ]
INFO: [ view_parse ] --END-- [ RunTime:0.049611s ]
INFO: [ view_filter ] --START--
INFO: Run Behavior\WriteHtmlCacheBehavior [ RunTime:0.001541s ]
INFO: [ view_filter ] --END-- [ RunTime:0.001856s ]
INFO: [ app_end ] --START--
INFO: Run Behavior\ShowPageTraceBehavior [ RunTime:0.002560s ]
INFO: [ app_end ] --END-- [ RunTime:0.002915s ]

